<?xml version="1.0" encoding="UTF-8"?>
<testsuite xmlns:xsi="http://www.w3.org/2001/XMLSchema-instance" xsi:noNamespaceSchemaLocation="https://maven.apache.org/surefire/maven-surefire-plugin/xsd/surefire-test-report.xsd" name="com.udacity.catpoint.AppTest" time="0.003" tests="0" errors="0" skipped="0" failures="0">
  <properties>
    <property name="java.specification.version" value="14"/>
    <property name="sun.jnu.encoding" value="UTF-8"/>
    <property name="java.class.path" value="/home/yann/Documents/Javaprog_nd/Application_deployment_projectstarter/starter/catpoint-parent/target/test-classes:/home/yann/Documents/Javaprog_nd/Application_deployment_projectstarter/starter/catpoint-parent/target/classes:/home/yann/.m2/repository/com/google/code/gson/gson/2.9.0/gson-2.9.0.jar:/home/yann/.m2/repository/com/miglayout/miglayout/3.7.4/miglayout-3.7.4.jar:/home/yann/.m2/repository/org/slf4j/slf4j-api/2.0.0-alpha7/slf4j-api-2.0.0-alpha7.jar:/home/yann/.m2/repository/software/amazon/awssdk/auth/2.17.176/auth-2.17.176.jar:/home/yann/.m2/repository/software/amazon/awssdk/annotations/2.17.176/annotations-2.17.176.jar:/home/yann/.m2/repository/software/amazon/awssdk/utils/2.17.176/utils-2.17.176.jar:/home/yann/.m2/repository/org/reactivestreams/reactive-streams/1.0.3/reactive-streams-1.0.3.jar:/home/yann/.m2/repository/software/amazon/awssdk/sdk-core/2.17.176/sdk-core-2.17.176.jar:/home/yann/.m2/repository/software/amazon/awssdk/regions/2.17.176/regions-2.17.176.jar:/home/yann/.m2/repository/software/amazon/awssdk/profiles/2.17.176/profiles-2.17.176.jar:/home/yann/.m2/repository/software/amazon/awssdk/http-client-spi/2.17.176/http-client-spi-2.17.176.jar:/home/yann/.m2/repository/software/amazon/awssdk/json-utils/2.17.176/json-utils-2.17.176.jar:/home/yann/.m2/repository/software/amazon/awssdk/third-party-jackson-core/2.17.176/third-party-jackson-core-2.17.176.jar:/home/yann/.m2/repository/software/amazon/eventstream/eventstream/1.0.1/eventstream-1.0.1.jar:/home/yann/.m2/repository/software/amazon/awssdk/rekognition/2.17.176/rekognition-2.17.176.jar:/home/yann/.m2/repository/software/amazon/awssdk/aws-json-protocol/2.17.176/aws-json-protocol-2.17.176.jar:/home/yann/.m2/repository/software/amazon/awssdk/protocol-core/2.17.176/protocol-core-2.17.176.jar:/home/yann/.m2/repository/software/amazon/awssdk/aws-core/2.17.176/aws-core-2.17.176.jar:/home/yann/.m2/repository/software/amazon/awssdk/metrics-spi/2.17.176/metrics-spi-2.17.176.jar:/home/yann/.m2/repository/software/amazon/awssdk/apache-client/2.17.176/apache-client-2.17.176.jar:/home/yann/.m2/repository/org/apache/httpcomponents/httpclient/4.5.13/httpclient-4.5.13.jar:/home/yann/.m2/repository/commons-logging/commons-logging/1.2/commons-logging-1.2.jar:/home/yann/.m2/repository/commons-codec/commons-codec/1.11/commons-codec-1.11.jar:/home/yann/.m2/repository/org/apache/httpcomponents/httpcore/4.4.13/httpcore-4.4.13.jar:/home/yann/.m2/repository/software/amazon/awssdk/netty-nio-client/2.17.176/netty-nio-client-2.17.176.jar:/home/yann/.m2/repository/io/netty/netty-codec-http/4.1.72.Final/netty-codec-http-4.1.72.Final.jar:/home/yann/.m2/repository/io/netty/netty-codec-http2/4.1.72.Final/netty-codec-http2-4.1.72.Final.jar:/home/yann/.m2/repository/io/netty/netty-codec/4.1.72.Final/netty-codec-4.1.72.Final.jar:/home/yann/.m2/repository/io/netty/netty-transport/4.1.72.Final/netty-transport-4.1.72.Final.jar:/home/yann/.m2/repository/io/netty/netty-resolver/4.1.72.Final/netty-resolver-4.1.72.Final.jar:/home/yann/.m2/repository/io/netty/netty-common/4.1.72.Final/netty-common-4.1.72.Final.jar:/home/yann/.m2/repository/io/netty/netty-buffer/4.1.72.Final/netty-buffer-4.1.72.Final.jar:/home/yann/.m2/repository/io/netty/netty-handler/4.1.72.Final/netty-handler-4.1.72.Final.jar:/home/yann/.m2/repository/io/netty/netty-tcnative-classes/2.0.46.Final/netty-tcnative-classes-2.0.46.Final.jar:/home/yann/.m2/repository/io/netty/netty-transport-classes-epoll/4.1.72.Final/netty-transport-classes-epoll-4.1.72.Final.jar:/home/yann/.m2/repository/io/netty/netty-transport-native-unix-common/4.1.72.Final/netty-transport-native-unix-common-4.1.72.Final.jar:/home/yann/.m2/repository/com/typesafe/netty/netty-reactive-streams-http/2.0.5/netty-reactive-streams-http-2.0.5.jar:/home/yann/.m2/repository/com/typesafe/netty/netty-reactive-streams/2.0.5/netty-reactive-streams-2.0.5.jar:/home/yann/.m2/repository/com/google/guava/guava/13.0-rc1/guava-13.0-rc1.jar:/home/yann/.m2/repository/org/junit/jupiter/junit-jupiter-api/5.8.2/junit-jupiter-api-5.8.2.jar:/home/yann/.m2/repository/org/opentest4j/opentest4j/1.2.0/opentest4j-1.2.0.jar:/home/yann/.m2/repository/org/junit/platform/junit-platform-commons/1.8.2/junit-platform-commons-1.8.2.jar:/home/yann/.m2/repository/org/apiguardian/apiguardian-api/1.1.2/apiguardian-api-1.1.2.jar:"/>
    <property name="java.vm.vendor" value="Oracle Corporation"/>
    <property name="sun.arch.data.model" value="64"/>
    <property name="java.vendor.url" value="https://java.oracle.com/"/>
    <property name="os.name" value="Linux"/>
    <property name="java.vm.specification.version" value="14"/>
    <property name="sun.java.launcher" value="SUN_STANDARD"/>
    <property name="user.country" value="US"/>
    <property name="sun.boot.library.path" value="/opt/jdk-14/lib"/>
    <property name="sun.java.command" value="/home/yann/Documents/Javaprog_nd/Application_deployment_projectstarter/starter/catpoint-parent/target/surefire/surefirebooter16670915744599356772.jar /home/yann/Documents/Javaprog_nd/Application_deployment_projectstarter/starter/catpoint-parent/target/surefire 2022-04-26T00-23-33_073-jvmRun1 surefire5784536942236850931tmp surefire_011072107031253782628tmp"/>
    <property name="jdk.debug" value="release"/>
    <property name="surefire.test.class.path" value="/home/yann/Documents/Javaprog_nd/Application_deployment_projectstarter/starter/catpoint-parent/target/test-classes:/home/yann/Documents/Javaprog_nd/Application_deployment_projectstarter/starter/catpoint-parent/target/classes:/home/yann/.m2/repository/com/google/code/gson/gson/2.9.0/gson-2.9.0.jar:/home/yann/.m2/repository/com/miglayout/miglayout/3.7.4/miglayout-3.7.4.jar:/home/yann/.m2/repository/org/slf4j/slf4j-api/2.0.0-alpha7/slf4j-api-2.0.0-alpha7.jar:/home/yann/.m2/repository/software/amazon/awssdk/auth/2.17.176/auth-2.17.176.jar:/home/yann/.m2/repository/software/amazon/awssdk/annotations/2.17.176/annotations-2.17.176.jar:/home/yann/.m2/repository/software/amazon/awssdk/utils/2.17.176/utils-2.17.176.jar:/home/yann/.m2/repository/org/reactivestreams/reactive-streams/1.0.3/reactive-streams-1.0.3.jar:/home/yann/.m2/repository/software/amazon/awssdk/sdk-core/2.17.176/sdk-core-2.17.176.jar:/home/yann/.m2/repository/software/amazon/awssdk/regions/2.17.176/regions-2.17.176.jar:/home/yann/.m2/repository/software/amazon/awssdk/profiles/2.17.176/profiles-2.17.176.jar:/home/yann/.m2/repository/software/amazon/awssdk/http-client-spi/2.17.176/http-client-spi-2.17.176.jar:/home/yann/.m2/repository/software/amazon/awssdk/json-utils/2.17.176/json-utils-2.17.176.jar:/home/yann/.m2/repository/software/amazon/awssdk/third-party-jackson-core/2.17.176/third-party-jackson-core-2.17.176.jar:/home/yann/.m2/repository/software/amazon/eventstream/eventstream/1.0.1/eventstream-1.0.1.jar:/home/yann/.m2/repository/software/amazon/awssdk/rekognition/2.17.176/rekognition-2.17.176.jar:/home/yann/.m2/repository/software/amazon/awssdk/aws-json-protocol/2.17.176/aws-json-protocol-2.17.176.jar:/home/yann/.m2/repository/software/amazon/awssdk/protocol-core/2.17.176/protocol-core-2.17.176.jar:/home/yann/.m2/repository/software/amazon/awssdk/aws-core/2.17.176/aws-core-2.17.176.jar:/home/yann/.m2/repository/software/amazon/awssdk/metrics-spi/2.17.176/metrics-spi-2.17.176.jar:/home/yann/.m2/repository/software/amazon/awssdk/apache-client/2.17.176/apache-client-2.17.176.jar:/home/yann/.m2/repository/org/apache/httpcomponents/httpclient/4.5.13/httpclient-4.5.13.jar:/home/yann/.m2/repository/commons-logging/commons-logging/1.2/commons-logging-1.2.jar:/home/yann/.m2/repository/commons-codec/commons-codec/1.11/commons-codec-1.11.jar:/home/yann/.m2/repository/org/apache/httpcomponents/httpcore/4.4.13/httpcore-4.4.13.jar:/home/yann/.m2/repository/software/amazon/awssdk/netty-nio-client/2.17.176/netty-nio-client-2.17.176.jar:/home/yann/.m2/repository/io/netty/netty-codec-http/4.1.72.Final/netty-codec-http-4.1.72.Final.jar:/home/yann/.m2/repository/io/netty/netty-codec-http2/4.1.72.Final/netty-codec-http2-4.1.72.Final.jar:/home/yann/.m2/repository/io/netty/netty-codec/4.1.72.Final/netty-codec-4.1.72.Final.jar:/home/yann/.m2/repository/io/netty/netty-transport/4.1.72.Final/netty-transport-4.1.72.Final.jar:/home/yann/.m2/repository/io/netty/netty-resolver/4.1.72.Final/netty-resolver-4.1.72.Final.jar:/home/yann/.m2/repository/io/netty/netty-common/4.1.72.Final/netty-common-4.1.72.Final.jar:/home/yann/.m2/repository/io/netty/netty-buffer/4.1.72.Final/netty-buffer-4.1.72.Final.jar:/home/yann/.m2/repository/io/netty/netty-handler/4.1.72.Final/netty-handler-4.1.72.Final.jar:/home/yann/.m2/repository/io/netty/netty-tcnative-classes/2.0.46.Final/netty-tcnative-classes-2.0.46.Final.jar:/home/yann/.m2/repository/io/netty/netty-transport-classes-epoll/4.1.72.Final/netty-transport-classes-epoll-4.1.72.Final.jar:/home/yann/.m2/repository/io/netty/netty-transport-native-unix-common/4.1.72.Final/netty-transport-native-unix-common-4.1.72.Final.jar:/home/yann/.m2/repository/com/typesafe/netty/netty-reactive-streams-http/2.0.5/netty-reactive-streams-http-2.0.5.jar:/home/yann/.m2/repository/com/typesafe/netty/netty-reactive-streams/2.0.5/netty-reactive-streams-2.0.5.jar:/home/yann/.m2/repository/com/google/guava/guava/13.0-rc1/guava-13.0-rc1.jar:/home/yann/.m2/repository/org/junit/jupiter/junit-jupiter-api/5.8.2/junit-jupiter-api-5.8.2.jar:/home/yann/.m2/repository/org/opentest4j/opentest4j/1.2.0/opentest4j-1.2.0.jar:/home/yann/.m2/repository/org/junit/platform/junit-platform-commons/1.8.2/junit-platform-commons-1.8.2.jar:/home/yann/.m2/repository/org/apiguardian/apiguardian-api/1.1.2/apiguardian-api-1.1.2.jar:"/>
    <property name="sun.cpu.endian" value="little"/>
    <property name="user.home" value="/home/yann"/>
    <property name="user.language" value="en"/>
    <property name="java.specification.vendor" value="Oracle Corporation"/>
    <property name="java.version.date" value="2020-03-17"/>
    <property name="java.home" value="/opt/jdk-14"/>
    <property name="file.separator" value="/"/>
    <property name="basedir" value="/home/yann/Documents/Javaprog_nd/Application_deployment_projectstarter/starter/catpoint-parent"/>
    <property name="java.vm.compressedOopsMode" value="32-bit"/>
    <property name="line.separator" value="&#10;"/>
    <property name="java.vm.specification.vendor" value="Oracle Corporation"/>
    <property name="java.specification.name" value="Java Platform API Specification"/>
    <property name="surefire.real.class.path" value="/home/yann/Documents/Javaprog_nd/Application_deployment_projectstarter/starter/catpoint-parent/target/surefire/surefirebooter16670915744599356772.jar"/>
    <property name="sun.management.compiler" value="HotSpot 64-Bit Tiered Compilers"/>
    <property name="java.runtime.version" value="14+36-1461"/>
    <property name="user.name" value="yann"/>
    <property name="path.separator" value=":"/>
    <property name="os.version" value="5.13.0-40-generic"/>
    <property name="java.runtime.name" value="OpenJDK Runtime Environment"/>
    <property name="file.encoding" value="UTF-8"/>
    <property name="java.vm.name" value="OpenJDK 64-Bit Server VM"/>
    <property name="localRepository" value="/home/yann/.m2/repository"/>
    <property name="java.vendor.url.bug" value="https://bugreport.java.com/bugreport/"/>
    <property name="java.io.tmpdir" value="/tmp"/>
    <property name="java.version" value="14"/>
    <property name="user.dir" value="/home/yann/Documents/Javaprog_nd/Application_deployment_projectstarter/starter/catpoint-parent"/>
    <property name="os.arch" value="amd64"/>
    <property name="java.vm.specification.name" value="Java Virtual Machine Specification"/>
    <property name="java.library.path" value="/usr/java/packages/lib:/usr/lib64:/lib64:/lib:/usr/lib"/>
    <property name="java.vm.info" value="mixed mode, sharing"/>
    <property name="java.vendor" value="Oracle Corporation"/>
    <property name="java.vm.version" value="14+36-1461"/>
    <property name="sun.io.unicode.encoding" value="UnicodeLittle"/>
    <property name="java.class.version" value="58.0"/>
  </properties>
</testsuite>